-----BEGIN RSA PRIVATE KEY-----
Proc-Type: 4,ENCRYPTED
DEK-Info: AES-128-CBC,E810895856367A66104DF79423BCB5D5

Il9tyhiDIME+ln0NLGVCdcizWliK0tf20gtqqQtrUbChqVk/oFDH5Oc8Nyc8YNBj
4MwFhsHcOJDRBRuyT2poR6cewpd1etnzrf5h7iu0wJuqZZcuF5937+DtJW5z9Jhu
i9io1jRNBn6Rve4cQO/J56/fQ7FiT30kUZVKgEMRPL3uH5EvlQGdTXIALqOfM4So
XYShZqUlIA5cT2osq038rk+u6+csmOZ/sX0/QPWA2T8Lt5/Dd6zJaB/edGeznaGw
TvJToo13hR00bFQaFRGAJkeoFCEpWqjrq1BdYM3P97GWtE1xf/bbi+VJp8aI423R
2Zr2TnZ//QTQUGg+KwqUTXfCui9I/CvCMouKVzBx6t51nCI3Cqqz8yw95J1xC0+z
2uv8ytwtCaEMF4/Ml+t4noyYaZ+GU0rwo0VFyI1bVBmz4x+JLwUUzy+NDsJlJRl7
WUdnE8SyrIS4MELbWGnbdJ+tTghxLb6H6OJXou2IpEdyislFg1DnNROYFoq7b1uM
Gw3IQTt93q8WjJLCITllUOoepWgCCitsMQIFVQCPcjIB7sljaopDBQrhPJYJls/L
rOxaJOJq5LbGjEdU1IEs01wEdt6/+LU8tASMMWonGaiSArokAWze8qXql+RXxyes
1KY1efx/XqWsLqLkZTlPFu/kY8D3vrxQ6BQqQIKxl3W+gaZIfLG8Y95IOGj2rPLd
wzvsIowPNaYmN60As4FFFtBnO0q6bxXkigl/jZKerrAZSdVkG66z7CDBCg4iqLrS
6wsdALXoegMVRT57bY1sjqMz+IDVvcnu0Nzh+n0/jMuXik9X4RhHzwp3RySp0qEG
9gnJgnbnizFHB+dW/68GnSIWt4c8lRaZH2bM+2f90AY90XGrgh0rky5u2PqEqcOu
FGU2m7notI0ssddHRITDFaT56zmAKpyW25LoYnapAHmORXKlTOR1zYxciko7DrHM
Mtb7RjQTMi30Xxj0leEYvU1RDQTI54bmg7GbRLjVW6XRCKOGC0G97FjfhWN0iuD4
Nkvy0flYqHYQmtnjLrEGEAzSEPziHNMGuHuLSs/XacLZ+wfjkkGeQTOkerTBIpPl
JX6cCSZwcRPKZ6eT5SUDj3ySMGZr2ok60rugRW73uoRNMo+XFEB8A0uDr1HgZrMq
u7+M3OiwLflqBG2IQsmYSfcbyVhDdzrCFMqp+AgJSoRN6GBdEOCh9H6bO6CYkcTs
Kodol6bwro9IIwc3IKbzpKWNw7Ps/+YGr7w51S03QjiH3D0FRhb6DeIupsN3Sj6t
vnHS1YrbT3c6XU4xL4I9zJlm+mA2P1voNwnkM5+L5I9S7ZtjgNFfiJi7/S3n22uA
1q9KVItXluyExrKQoz0Ax6nYldgnxs09OMCUGQ1U0X3W2VKx+/3wjSUQ9ZVfa6MP
l3wjmIJp0wU4Ob53LwHY60IDuDsEQngx/TG+D0oR/R2z7/5JCY7YftBHS3phtt8H
LzenRVzm1Z7wKVby4QuCJ0+G+5IrxomfaTtV1+BDR47ohY80vCiQIbgmji2h7wGS
BmmpVoa/0H5Uw+LhVoN0cxyYaJIgNs2D1unenLfKlcGdwWUQTjEXLJfkDzbvy2iO
/LTJm9nPbBhqMuIlrRCyyboJx41yJciwCQ541/Jw3sQ9lBGnYre6XxHMThaWjcUI
e/dss5gfRcYKVdvMWNZYVkUpZabXiIo1/93guYaURenh7EmVV1IduRf1xv4cvVcg
kRbAd7CxgpyeRfm3NBKZDLnmHgKn9D1d8rI2DxLnN9tj1zOXFnCbu0VfMCG9mJuM
hFJJKlO+hdmRyT9n/3CsXNTBHFuZqg+gJwsTG4OM2i1qXfu+coHnflahiA77fJaC
xudL6UhFjWhFDEUNlnwJXNSRpVBMW943xUCMfAPKRevYR6nqWS+++G0BT22u6/J9
9UVlP+SHK47l4BHOMXuUlfYGqM3REIFd+SIBvi4VH+anNdx/DSgrCGl+9Ry8R2G8
NV2/NdAtIbfrT9vTG/vejRfzJIJg6Fd9isg3mAoXcjLZocA4CbTP1eHZ033D6F1O
D3oT5IVJYmauag4qdyMBo2Mqrhf7DbQlM2XnYtUwsSK6+F/qNWl0p3KRoHf+6Zx1
z9IXiMiHlIECiyiQa7uOOhGAY3gcIo/I06pjGsx2CbJ2hi8fW7zE77xyrcu4eugC
g4aKtbH0642kdwNBhfxzrlu7RX/5iiPqfXf0lLhyoKW5mnr30SU9KcdGQ6thH4xv
mjVZvNiSaczR+PRlgZDcuLRxemxWtFPUyP1lmdCjBGmAJldsZ0WSGLfJtqsb1+O0
5KVKWQauAk2Mj8Egsy6Z+nhqBQKxo04Q5wpPaGE9y2TcsJwyNBx90SGyONbOntw4
Sw3lRmDbHFei1TTMaj2yJgCDF+3a6SvSvQJjnIwJ0n1igwjLiQHKK7Jpo9tOEMB8
noi8r7sFtJ0yARhfchkEm+cSv80GtpdpvcABMwKJh2tm4Q+s6rUl4A8T8pQMgPp1
d5iEnxf6k2tsD5n2HN3V9dC18rgY0PLGzQ5LDPDMK+pnQs8pvMVWnqG22HqbfgXd
fRDANI24DBUnfcszCcHwKmaOJyLfuvezJk8OFBTO7QebsEkTSIvjNGs+B0IaqK6V
e1sJZ8NknhKZH3psyCy7jEn2NpcBgpklvt2SjWcUx0iINmzj82LPhEj66xXWTgt0
BOBUrBpmN1lqnh+18zIo/ya1SkMVm4TJjoLmVS6dShUAGBu94DhMQ/5w/eAUZJy4
AfIt35PkYAiaikHtRXoCQdvL0oPZn5TF0PDxbRG9mSyfH6xNTma2zpDaKG00IpK3
T15p9zJ99PlcSAH30qR1EB1gBT4wWKFQ7NhzX9p3J5qxj+wfnrI0Sug51pH6jeT1
qAKl5ZOBbQzmE6qFy5RSjn2QdqMI/DD8BeH0TAlH1StTUFxx1PkgNwC5MunmzuEk
FTljS79DwtJcBjPXXCRJfRiPxHMQT358DYLeVgVOAj3iR4BxPYQEn8ozxDL5y5lw
cyQ5eT/ZSi+3JvyQA0BlL6C7wAZ18isGrT/fH+PYzTk5I8M/wyHsinqBlYjisz+h
SDHEJUCHdCvikiNkt7+e98N/BSF4w5O0TJj1w53Yn/0sm98PvTNlwx2zWlb5SkGe
-----END RSA PRIVATE KEY-----